;  LST file generated by mikroListExporter - v.2.0 
; Date/Time: 4/20/2023 2:34:26 PM
;----------------------------------------------

;Address Opcode 	ASM
0x0000	0x2A0F      	GOTO       527
_Delay_1us:
;__Lib_Delays.c,7 :: 		void Delay_1us() {
;__Lib_Delays.c,8 :: 		Delay_us(1);
0x0003	0x0000      	NOP
0x0004	0x0000      	NOP
;__Lib_Delays.c,9 :: 		}
L_end_Delay_1us:
0x0005	0x0008      	RETURN
; end of _Delay_1us
_Delay_5500us:
;__Lib_Delays.c,31 :: 		void Delay_5500us() {
;__Lib_Delays.c,32 :: 		Delay_us(5500);
0x0006	0x300F      	MOVLW      15
0x0007	0x1283      	BCF        STATUS, 5
0x0008	0x1303      	BCF        STATUS, 6
0x0009	0x00FC      	MOVWF      R12
0x000A	0x3047      	MOVLW      71
0x000B	0x00FD      	MOVWF      R13
L_Delay_5500us5:
0x000C	0x0BFD      	DECFSZ     R13, 1
0x000D	0x280C      	GOTO       L_Delay_5500us5
0x000E	0x0BFC      	DECFSZ     R12, 1
0x000F	0x280C      	GOTO       L_Delay_5500us5
0x0010	0x0000      	NOP
0x0011	0x0000      	NOP
;__Lib_Delays.c,33 :: 		}
L_end_Delay_5500us:
0x0012	0x0008      	RETURN
; end of _Delay_5500us
_Delay_50us:
;__Lib_Delays.c,19 :: 		void Delay_50us() {
;__Lib_Delays.c,20 :: 		Delay_us(50);
0x0013	0x3021      	MOVLW      33
0x0014	0x1283      	BCF        STATUS, 5
0x0015	0x1303      	BCF        STATUS, 6
0x0016	0x00FD      	MOVWF      R13
L_Delay_50us2:
0x0017	0x0BFD      	DECFSZ     R13, 1
0x0018	0x2817      	GOTO       L_Delay_50us2
;__Lib_Delays.c,21 :: 		}
L_end_Delay_50us:
0x0019	0x0008      	RETURN
; end of _Delay_50us
_Lcd_Cmd:
;__Lib_Lcd.c,18 :: 		
;__Lib_Lcd.c,20 :: 		
0x001A	0x1683      	BSF        STATUS, 5
0x001B	0x1303      	BCF        STATUS, 6
0x001C	0x1BDA      	BTFSC      FARG_Lcd_Cmd_out_char, 7
0x001D	0x2821      	GOTO       L__Lcd_Cmd21
0x001E	0x1283      	BCF        STATUS, 5
0x001F	0x1288      	BCF        LCD_D7, BitPos(LCD_D7+0)
0x0020	0x2823      	GOTO       L__Lcd_Cmd22
L__Lcd_Cmd21:
0x0021	0x1283      	BCF        STATUS, 5
0x0022	0x1688      	BSF        LCD_D7, BitPos(LCD_D7+0)
L__Lcd_Cmd22:
;__Lib_Lcd.c,21 :: 		
0x0023	0x1683      	BSF        STATUS, 5
0x0024	0x1B5A      	BTFSC      FARG_Lcd_Cmd_out_char, 6
0x0025	0x2829      	GOTO       L__Lcd_Cmd23
0x0026	0x1283      	BCF        STATUS, 5
0x0027	0x1208      	BCF        LCD_D6, BitPos(LCD_D6+0)
0x0028	0x282B      	GOTO       L__Lcd_Cmd24
L__Lcd_Cmd23:
0x0029	0x1283      	BCF        STATUS, 5
0x002A	0x1608      	BSF        LCD_D6, BitPos(LCD_D6+0)
L__Lcd_Cmd24:
;__Lib_Lcd.c,22 :: 		
0x002B	0x1683      	BSF        STATUS, 5
0x002C	0x1ADA      	BTFSC      FARG_Lcd_Cmd_out_char, 5
0x002D	0x2831      	GOTO       L__Lcd_Cmd25
0x002E	0x1283      	BCF        STATUS, 5
0x002F	0x1188      	BCF        LCD_D5, BitPos(LCD_D5+0)
0x0030	0x2833      	GOTO       L__Lcd_Cmd26
L__Lcd_Cmd25:
0x0031	0x1283      	BCF        STATUS, 5
0x0032	0x1588      	BSF        LCD_D5, BitPos(LCD_D5+0)
L__Lcd_Cmd26:
;__Lib_Lcd.c,23 :: 		
0x0033	0x1683      	BSF        STATUS, 5
0x0034	0x1A5A      	BTFSC      FARG_Lcd_Cmd_out_char, 4
0x0035	0x2839      	GOTO       L__Lcd_Cmd27
0x0036	0x1283      	BCF        STATUS, 5
0x0037	0x1108      	BCF        LCD_D4, BitPos(LCD_D4+0)
0x0038	0x283B      	GOTO       L__Lcd_Cmd28
L__Lcd_Cmd27:
0x0039	0x1283      	BCF        STATUS, 5
0x003A	0x1508      	BSF        LCD_D4, BitPos(LCD_D4+0)
L__Lcd_Cmd28:
;__Lib_Lcd.c,25 :: 		
0x003B	0x1683      	BSF        STATUS, 5
0x003C	0x1851      	BTFSC      __Lib_Lcd_cmd_status, BitPos(__Lib_Lcd_cmd_status+0)
0x003D	0x2841      	GOTO       L__Lcd_Cmd29
0x003E	0x1283      	BCF        STATUS, 5
0x003F	0x1408      	BSF        LCD_RS, BitPos(LCD_RS+0)
0x0040	0x2843      	GOTO       L__Lcd_Cmd30
L__Lcd_Cmd29:
0x0041	0x1283      	BCF        STATUS, 5
0x0042	0x1008      	BCF        LCD_RS, BitPos(LCD_RS+0)
L__Lcd_Cmd30:
;__Lib_Lcd.c,28 :: 		
0x0043	0x1488      	BSF        LCD_EN, BitPos(LCD_EN+0)
;__Lib_Lcd.c,29 :: 		
0x0044	0x2003      	CALL       _Delay_1us
;__Lib_Lcd.c,30 :: 		
0x0045	0x1088      	BCF        LCD_EN, BitPos(LCD_EN+0)
;__Lib_Lcd.c,33 :: 		
0x0046	0x1683      	BSF        STATUS, 5
0x0047	0x19DA      	BTFSC      FARG_Lcd_Cmd_out_char, 3
0x0048	0x284C      	GOTO       L__Lcd_Cmd31
0x0049	0x1283      	BCF        STATUS, 5
0x004A	0x1288      	BCF        LCD_D7, BitPos(LCD_D7+0)
0x004B	0x284E      	GOTO       L__Lcd_Cmd32
L__Lcd_Cmd31:
0x004C	0x1283      	BCF        STATUS, 5
0x004D	0x1688      	BSF        LCD_D7, BitPos(LCD_D7+0)
L__Lcd_Cmd32:
;__Lib_Lcd.c,34 :: 		
0x004E	0x1683      	BSF        STATUS, 5
0x004F	0x195A      	BTFSC      FARG_Lcd_Cmd_out_char, 2
0x0050	0x2854      	GOTO       L__Lcd_Cmd33
0x0051	0x1283      	BCF        STATUS, 5
0x0052	0x1208      	BCF        LCD_D6, BitPos(LCD_D6+0)
0x0053	0x2856      	GOTO       L__Lcd_Cmd34
L__Lcd_Cmd33:
0x0054	0x1283      	BCF        STATUS, 5
0x0055	0x1608      	BSF        LCD_D6, BitPos(LCD_D6+0)
L__Lcd_Cmd34:
;__Lib_Lcd.c,35 :: 		
0x0056	0x1683      	BSF        STATUS, 5
0x0057	0x18DA      	BTFSC      FARG_Lcd_Cmd_out_char, 1
0x0058	0x285C      	GOTO       L__Lcd_Cmd35
0x0059	0x1283      	BCF        STATUS, 5
0x005A	0x1188      	BCF        LCD_D5, BitPos(LCD_D5+0)
0x005B	0x285E      	GOTO       L__Lcd_Cmd36
L__Lcd_Cmd35:
0x005C	0x1283      	BCF        STATUS, 5
0x005D	0x1588      	BSF        LCD_D5, BitPos(LCD_D5+0)
L__Lcd_Cmd36:
;__Lib_Lcd.c,36 :: 		
0x005E	0x1683      	BSF        STATUS, 5
0x005F	0x185A      	BTFSC      FARG_Lcd_Cmd_out_char, 0
0x0060	0x2864      	GOTO       L__Lcd_Cmd37
0x0061	0x1283      	BCF        STATUS, 5
0x0062	0x1108      	BCF        LCD_D4, BitPos(LCD_D4+0)
0x0063	0x2866      	GOTO       L__Lcd_Cmd38
L__Lcd_Cmd37:
0x0064	0x1283      	BCF        STATUS, 5
0x0065	0x1508      	BSF        LCD_D4, BitPos(LCD_D4+0)
L__Lcd_Cmd38:
;__Lib_Lcd.c,38 :: 		
0x0066	0x1683      	BSF        STATUS, 5
0x0067	0x1851      	BTFSC      __Lib_Lcd_cmd_status, BitPos(__Lib_Lcd_cmd_status+0)
0x0068	0x286C      	GOTO       L__Lcd_Cmd39
0x0069	0x1283      	BCF        STATUS, 5
0x006A	0x1408      	BSF        LCD_RS, BitPos(LCD_RS+0)
0x006B	0x286E      	GOTO       L__Lcd_Cmd40
L__Lcd_Cmd39:
0x006C	0x1283      	BCF        STATUS, 5
0x006D	0x1008      	BCF        LCD_RS, BitPos(LCD_RS+0)
L__Lcd_Cmd40:
;__Lib_Lcd.c,40 :: 		
0x006E	0x1488      	BSF        LCD_EN, BitPos(LCD_EN+0)
;__Lib_Lcd.c,41 :: 		
0x006F	0x2003      	CALL       _Delay_1us
;__Lib_Lcd.c,42 :: 		
0x0070	0x1088      	BCF        LCD_EN, BitPos(LCD_EN+0)
;__Lib_Lcd.c,44 :: 		
0x0071	0x1683      	BSF        STATUS, 5
0x0072	0x1C51      	BTFSS      __Lib_Lcd_cmd_status, BitPos(__Lib_Lcd_cmd_status+0)
0x0073	0x2876      	GOTO       L_Lcd_Cmd0
;__Lib_Lcd.c,45 :: 		
0x0074	0x2006      	CALL       _Delay_5500us
0x0075	0x2877      	GOTO       L_Lcd_Cmd1
L_Lcd_Cmd0:
;__Lib_Lcd.c,47 :: 		
0x0076	0x2013      	CALL       _Delay_50us
L_Lcd_Cmd1:
;__Lib_Lcd.c,48 :: 		
L_end_Lcd_Cmd:
0x0077	0x0008      	RETURN
; end of _Lcd_Cmd
_RES032:
;__Lib_MathDouble.c,123 :: 		
;__Lib_MathDouble.c,128 :: 		
0x0078	0x01F2      	CLRF       R2
;__Lib_MathDouble.c,129 :: 		
0x0079	0x01F1      	CLRF       R1
;__Lib_MathDouble.c,130 :: 		
0x007A	0x01F0      	CLRF       R0
;__Lib_MathDouble.c,131 :: 		
0x007B	0x01F8      	CLRF       R8
;__Lib_MathDouble.c,132 :: 		
0x007C	0x01F3      	CLRF       R3
;__Lib_MathDouble.c,133 :: 		
0x007D	0x3000      	MOVLW      0
;__Lib_MathDouble.c,135 :: 		
L_end_RES032:
0x007E	0x0008      	RETURN
; end of _RES032
_SETFUN32:
;__Lib_MathDouble.c,138 :: 		
;__Lib_MathDouble.c,145 :: 		
0x007F	0x157B      	BSF        R11, 2
;__Lib_MathDouble.c,146 :: 		
0x0080	0x1FFB      	BTFSS      R11, 7
;__Lib_MathDouble.c,147 :: 		
0x0081	0x2889      	GOTO       SETFUN32EEE
;__Lib_MathDouble.c,148 :: 		
0x0082	0x3001      	MOVLW      1
;__Lib_MathDouble.c,149 :: 		
0x0083	0x00F3      	MOVWF      R3
;__Lib_MathDouble.c,150 :: 		
0x0084	0x01F2      	CLRF       R2
;__Lib_MathDouble.c,151 :: 		
0x0085	0x01F1      	CLRF       R1
;__Lib_MathDouble.c,152 :: 		
0x0086	0x01F0      	CLRF       R0
;__Lib_MathDouble.c,153 :: 		
0x0087	0x0DFA      	RLF        R10, 1
;__Lib_MathDouble.c,154 :: 		
0x0088	0x0CF2      	RRF        R2, 1
;__Lib_MathDouble.c,155 :: 		
SETFUN32EEE:
;__Lib_MathDouble.c,156 :: 		
0x0089	0x30FF      	MOVLW      255
;__Lib_MathDouble.c,158 :: 		
L_end_SETFUN32:
0x008A	0x0008      	RETURN
; end of _SETFUN32
_FIXSIGN32:
;__Lib_MathDouble.c,112 :: 		
;__Lib_MathDouble.c,116 :: 		
0x008B	0x1FFA      	BTFSS      R10, 7
;__Lib_MathDouble.c,117 :: 		
0x008C	0x13F2      	BCF        R2, 7
;__Lib_MathDouble.c,118 :: 		
0x008D	0x3000      	MOVLW      0
;__Lib_MathDouble.c,120 :: 		
L_end_FIXSIGN32:
0x008E	0x0008      	RETURN
; end of _FIXSIGN32
_Lcd_Chr_CP:
;__Lib_Lcd.c,50 :: 		
;__Lib_Lcd.c,52 :: 		
0x008F	0x1683      	BSF        STATUS, 5
0x0090	0x1303      	BCF        STATUS, 6
0x0091	0x1051      	BCF        __Lib_Lcd_cmd_status, BitPos(__Lib_Lcd_cmd_status+0)
;__Lib_Lcd.c,53 :: 		
0x0092	0x0859      	MOVF       FARG_Lcd_Chr_CP_out_char, 0
0x0093	0x00DA      	MOVWF      FARG_Lcd_Cmd_out_char
0x0094	0x201A      	CALL       _Lcd_Cmd
;__Lib_Lcd.c,54 :: 		
0x0095	0x1683      	BSF        STATUS, 5
0x0096	0x1451      	BSF        __Lib_Lcd_cmd_status, BitPos(__Lib_Lcd_cmd_status+0)
;__Lib_Lcd.c,55 :: 		
L_end_Lcd_Chr_CP:
0x0097	0x0008      	RETURN
; end of _Lcd_Chr_CP
_____DoICP:
;__Lib_System.c,6 :: 		
;__Lib_System.c,9 :: 		
0x0098	0x1283      	BCF        STATUS, 5
0x0099	0x1303      	BCF        STATUS, 6
0x009A	0x086F      	MOVF       ___DoICPAddr+1, 0
0x009B	0x008A      	MOVWF      PCLATH
;__Lib_System.c,10 :: 		
0x009C	0x086E      	MOVF       ___DoICPAddr, 0
0x009D	0x0082      	MOVWF      PCL
;__Lib_System.c,12 :: 		
L_end_____DoICP:
0x009E	0x0008      	RETURN
; end of _____DoICP
_Delay_22us:
;__Lib_Delays.c,15 :: 		void Delay_22us() {
;__Lib_Delays.c,16 :: 		Delay_us(22);
0x009F	0x300E      	MOVLW      14
0x00A0	0x1283      	BCF        STATUS, 5
0x00A1	0x1303      	BCF        STATUS, 6
0x00A2	0x00FD      	MOVWF      R13
L_Delay_22us1:
0x00A3	0x0BFD      	DECFSZ     R13, 1
0x00A4	0x28A3      	GOTO       L_Delay_22us1
0x00A5	0x0000      	NOP
;__Lib_Delays.c,17 :: 		}
L_end_Delay_22us:
0x00A6	0x0008      	RETURN
; end of _Delay_22us
_NRM3232:
;__Lib_MathDouble.c,167 :: 		
;__Lib_MathDouble.c,173 :: 		
;__Lib_MathDouble.c,175 :: 		
0x00A7	0x01A0      	CLRF       __math_tempbD
;__Lib_MathDouble.c,176 :: 		
0x00A8	0x0872      	MOVF       R2, 0
;__Lib_MathDouble.c,177 :: 		
0x00A9	0x1D03      	BTFSS      STATUS, 2
;__Lib_MathDouble.c,178 :: 		
0x00AA	0x28BC      	GOTO       NORM3232
;__Lib_MathDouble.c,179 :: 		
0x00AB	0x0871      	MOVF       R1, 0
;__Lib_MathDouble.c,180 :: 		
0x00AC	0x00F2      	MOVWF      R2
;__Lib_MathDouble.c,181 :: 		
0x00AD	0x0870      	MOVF       R0, 0
;__Lib_MathDouble.c,182 :: 		
0x00AE	0x00F1      	MOVWF      R1
;__Lib_MathDouble.c,183 :: 		
0x00AF	0x01F0      	CLRF       R0
;__Lib_MathDouble.c,184 :: 		
0x00B0	0x15A0      	BSF        __math_tempbD, 3
;__Lib_MathDouble.c,186 :: 		
0x00B1	0x0872      	MOVF       R2, 0
;__Lib_MathDouble.c,187 :: 		
0x00B2	0x1D03      	BTFSS      STATUS, 2
;__Lib_MathDouble.c,188 :: 		
0x00B3	0x28BC      	GOTO       NORM3232
;__Lib_MathDouble.c,189 :: 		
0x00B4	0x0871      	MOVF       R1, 0
;__Lib_MathDouble.c,190 :: 		
0x00B5	0x00F2      	MOVWF      R2
;__Lib_MathDouble.c,191 :: 		
0x00B6	0x01F1      	CLRF       R1
;__Lib_MathDouble.c,192 :: 		
0x00B7	0x11A0      	BCF        __math_tempbD, 3
;__Lib_MathDouble.c,193 :: 		
0x00B8	0x1620      	BSF        __math_tempbD, 4
;__Lib_MathDouble.c,195 :: 		
0x00B9	0x0872      	MOVF       R2, 0
;__Lib_MathDouble.c,196 :: 		
0x00BA	0x1903      	BTFSC      STATUS, 2
;__Lib_MathDouble.c,197 :: 		
0x00BB	0x28CA      	GOTO       JPNRES032
;__Lib_MathDouble.c,198 :: 		
NORM3232:
;__Lib_MathDouble.c,199 :: 		
0x00BC	0x0820      	MOVF       __math_tempbD, 0
;__Lib_MathDouble.c,200 :: 		
0x00BD	0x02F3      	SUBWF      R3, 1
;__Lib_MathDouble.c,201 :: 		
0x00BE	0x1D03      	BTFSS      STATUS, 2
;__Lib_MathDouble.c,202 :: 		
0x00BF	0x1C03      	BTFSS      STATUS, 0
;__Lib_MathDouble.c,203 :: 		
0x00C0	0x28CE      	GOTO       JPNSETFUN32
;__Lib_MathDouble.c,204 :: 		
0x00C1	0x1003      	BCF        STATUS, 0
;__Lib_MathDouble.c,205 :: 		
NORM3232A:
;__Lib_MathDouble.c,206 :: 		
0x00C2	0x1BF2      	BTFSC      R2, 7
;__Lib_MathDouble.c,207 :: 		
0x00C3	0x28D2      	GOTO       JMPNFIXSIGN32
;__Lib_MathDouble.c,208 :: 		
0x00C4	0x0DF0      	RLF        R0, 1
;__Lib_MathDouble.c,209 :: 		
0x00C5	0x0DF1      	RLF        R1, 1
;__Lib_MathDouble.c,210 :: 		
0x00C6	0x0DF2      	RLF        R2, 1
;__Lib_MathDouble.c,211 :: 		
0x00C7	0x0BF3      	DECFSZ     R3, 1
;__Lib_MathDouble.c,212 :: 		
0x00C8	0x28C2      	GOTO       NORM3232A
;__Lib_MathDouble.c,213 :: 		
0x00C9	0x28CE      	GOTO       JPNSETFUN32
;__Lib_MathDouble.c,214 :: 		
JPNRES032:
;__Lib_MathDouble.c,215 :: 		
0x00CA	0x3001      	MOVLW      1
;__Lib_MathDouble.c,216 :: 		
0x00CB	0x00FC      	MOVWF      R12
;__Lib_MathDouble.c,218 :: 		
0x00CC	0x2078      	CALL       _RES032
;__Lib_MathDouble.c,220 :: 		
0x00CD	0x28D5      	GOTO       NORM32EEE
;__Lib_MathDouble.c,221 :: 		
JPNSETFUN32:
;__Lib_MathDouble.c,222 :: 		
0x00CE	0x3002      	MOVLW      2
;__Lib_MathDouble.c,223 :: 		
0x00CF	0x00FC      	MOVWF      R12
;__Lib_MathDouble.c,225 :: 		
0x00D0	0x207F      	CALL       _SETFUN32
;__Lib_MathDouble.c,227 :: 		
0x00D1	0x28D5      	GOTO       NORM32EEE
;__Lib_MathDouble.c,228 :: 		
JMPNFIXSIGN32:
;__Lib_MathDouble.c,229 :: 		
0x00D2	0x3004      	MOVLW      4
;__Lib_MathDouble.c,230 :: 		
0x00D3	0x00FC      	MOVWF      R12
;__Lib_MathDouble.c,232 :: 		
0x00D4	0x208B      	CALL       _FIXSIGN32
;__Lib_MathDouble.c,234 :: 		
NORM32EEE:
;__Lib_MathDouble.c,236 :: 		
L_end_NRM3232:
0x00D5	0x0008      	RETURN
; end of _NRM3232
_Compare_Double:
;__Lib_MathDouble.c,2053 :: 		
;__Lib_MathDouble.c,2062 :: 		
;__Lib_MathDouble.c,2064 :: 		
0x00D6	0x1283      	BCF        STATUS, 5
;__Lib_MathDouble.c,2065 :: 		
0x00D7	0x1303      	BCF        STATUS, 6
;__Lib_MathDouble.c,2067 :: 		
0x00D8	0x01FA      	CLRF       R10
;__Lib_MathDouble.c,2068 :: 		
0x00D9	0x0873      	MOVF       R3, 0
;__Lib_MathDouble.c,2069 :: 		
0x00DA	0x1D03      	BTFSS      STATUS, 2
;__Lib_MathDouble.c,2070 :: 		
0x00DB	0x147A      	BSF        R10, 0
;__Lib_MathDouble.c,2071 :: 		
0x00DC	0x0877      	MOVF       R7, 0
;__Lib_MathDouble.c,2072 :: 		
0x00DD	0x1D03      	BTFSS      STATUS, 2
;__Lib_MathDouble.c,2073 :: 		
0x00DE	0x14FA      	BSF        R10, 1
;__Lib_MathDouble.c,2075 :: 		
0x00DF	0x087A      	MOVF       R10, 0
;__Lib_MathDouble.c,2076 :: 		
0x00E0	0x1903      	BTFSC      STATUS, 2
;__Lib_MathDouble.c,2077 :: 		
0x00E1	0x2922      	GOTO       COMPARE_EQU
;__Lib_MathDouble.c,2078 :: 		
0x00E2	0x3A03      	XORLW      3
;__Lib_MathDouble.c,2079 :: 		
0x00E3	0x1903      	BTFSC      STATUS, 2
;__Lib_MathDouble.c,2080 :: 		
0x00E4	0x28ED      	GOTO       COMPARE_NOTZERO
;__Lib_MathDouble.c,2082 :: 		
0x00E5	0x187A      	BTFSC      R10, 0
;__Lib_MathDouble.c,2083 :: 		
0x00E6	0x28EA      	GOTO       COMPARE_XNOTZERO
;__Lib_MathDouble.c,2085 :: 		
0x00E7	0x1FF6      	BTFSS      R6, 7
;__Lib_MathDouble.c,2086 :: 		
0x00E8	0x2920      	GOTO       COMPARE_LT
;__Lib_MathDouble.c,2087 :: 		
0x00E9	0x291E      	GOTO       COMPARE_GT
;__Lib_MathDouble.c,2088 :: 		
COMPARE_XNOTZERO:
;__Lib_MathDouble.c,2089 :: 		
0x00EA	0x1FF2      	BTFSS      R2, 7
;__Lib_MathDouble.c,2090 :: 		
0x00EB	0x291E      	GOTO       COMPARE_GT
;__Lib_MathDouble.c,2091 :: 		
0x00EC	0x2920      	GOTO       COMPARE_LT
;__Lib_MathDouble.c,2093 :: 		
COMPARE_NOTZERO:
;__Lib_MathDouble.c,2094 :: 		
0x00ED	0x0872      	MOVF       R2, 0
;__Lib_MathDouble.c,2095 :: 		
0x00EE	0x3980      	ANDLW      128
;__Lib_MathDouble.c,2096 :: 		
0x00EF	0x00FA      	MOVWF      R10
;__Lib_MathDouble.c,2097 :: 		
0x00F0	0x13F2      	BCF        R2, 7
;__Lib_MathDouble.c,2099 :: 		
0x00F1	0x0876      	MOVF       R6, 0
;__Lib_MathDouble.c,2100 :: 		
0x00F2	0x3980      	ANDLW      128
;__Lib_MathDouble.c,2101 :: 		
0x00F3	0x13F6      	BCF        R6, 7
;__Lib_MathDouble.c,2103 :: 		
0x00F4	0x067A      	XORWF      R10, 0
;__Lib_MathDouble.c,2104 :: 		
0x00F5	0x1903      	BTFSC      STATUS, 2
;__Lib_MathDouble.c,2105 :: 		
0x00F6	0x28FB      	GOTO       COMPARE_TESTALL
;__Lib_MathDouble.c,2107 :: 		
0x00F7	0x087A      	MOVF       R10, 0
;__Lib_MathDouble.c,2108 :: 		
0x00F8	0x1903      	BTFSC      STATUS, 2
;__Lib_MathDouble.c,2109 :: 		
0x00F9	0x291E      	GOTO       COMPARE_GT
;__Lib_MathDouble.c,2110 :: 		
0x00FA	0x2920      	GOTO       COMPARE_LT
;__Lib_MathDouble.c,2112 :: 		
COMPARE_TESTALL:
;__Lib_MathDouble.c,2113 :: 		
0x00FB	0x0877      	MOVF       R7, 0
;__Lib_MathDouble.c,2114 :: 		
0x00FC	0x0273      	SUBWF      R3, 0
;__Lib_MathDouble.c,2115 :: 		
0x00FD	0x1903      	BTFSC      STATUS, 2
;__Lib_MathDouble.c,2116 :: 		
0x00FE	0x2902      	GOTO       COMPARE_C1
;__Lib_MathDouble.c,2117 :: 		
0x00FF	0x1C03      	BTFSS      STATUS, 0
;__Lib_MathDouble.c,2118 :: 		
0x0100	0x2916      	GOTO       GT_FALSE
;__Lib_MathDouble.c,2119 :: 		
0x0101	0x291A      	GOTO       GT_TRUE
;__Lib_MathDouble.c,2120 :: 		
COMPARE_C1:
;__Lib_MathDouble.c,2121 :: 		
0x0102	0x0876      	MOVF       R6, 0
;__Lib_MathDouble.c,2122 :: 		
0x0103	0x0272      	SUBWF      R2, 0
;__Lib_MathDouble.c,2123 :: 		
0x0104	0x1903      	BTFSC      STATUS, 2
;__Lib_MathDouble.c,2124 :: 		
0x0105	0x2909      	GOTO       COMPARE_C2
;__Lib_MathDouble.c,2125 :: 		
0x0106	0x1C03      	BTFSS      STATUS, 0
;__Lib_MathDouble.c,2126 :: 		
0x0107	0x2916      	GOTO       GT_FALSE
;__Lib_MathDouble.c,2127 :: 		
0x0108	0x291A      	GOTO       GT_TRUE
;__Lib_MathDouble.c,2128 :: 		
COMPARE_C2:
;__Lib_MathDouble.c,2129 :: 		
0x0109	0x0875      	MOVF       R5, 0
;__Lib_MathDouble.c,2130 :: 		
0x010A	0x0271      	SUBWF      R1, 0
;__Lib_MathDouble.c,2131 :: 		
0x010B	0x1903      	BTFSC      STATUS, 2
;__Lib_MathDouble.c,2132 :: 		
0x010C	0x2910      	GOTO       COMPARE_C3
;__Lib_MathDouble.c,2133 :: 		
0x010D	0x1C03      	BTFSS      STATUS, 0
;__Lib_MathDouble.c,2134 :: 		
0x010E	0x2916      	GOTO       GT_FALSE
;__Lib_MathDouble.c,2135 :: 		
0x010F	0x291A      	GOTO       GT_TRUE
;__Lib_MathDouble.c,2136 :: 		
COMPARE_C3:
;__Lib_MathDouble.c,2137 :: 		
0x0110	0x0874      	MOVF       R4, 0
;__Lib_MathDouble.c,2138 :: 		
0x0111	0x0270      	SUBWF      R0, 0
;__Lib_MathDouble.c,2139 :: 		
0x0112	0x1903      	BTFSC      STATUS, 2
;__Lib_MathDouble.c,2140 :: 		
0x0113	0x2922      	GOTO       COMPARE_EQU
;__Lib_MathDouble.c,2141 :: 		
0x0114	0x1803      	BTFSC      STATUS, 0
;__Lib_MathDouble.c,2142 :: 		
0x0115	0x291A      	GOTO       GT_TRUE
;__Lib_MathDouble.c,2144 :: 		
GT_FALSE:
;__Lib_MathDouble.c,2145 :: 		
0x0116	0x08FA      	MOVF       R10, 1
;__Lib_MathDouble.c,2146 :: 		
0x0117	0x1903      	BTFSC      STATUS, 2
;__Lib_MathDouble.c,2147 :: 		
0x0118	0x2920      	GOTO       COMPARE_LT
;__Lib_MathDouble.c,2148 :: 		
0x0119	0x291E      	GOTO       COMPARE_GT
;__Lib_MathDouble.c,2149 :: 		
GT_TRUE:
;__Lib_MathDouble.c,2150 :: 		
0x011A	0x08FA      	MOVF       R10, 1
;__Lib_MathDouble.c,2151 :: 		
0x011B	0x1903      	BTFSC      STATUS, 2
;__Lib_MathDouble.c,2152 :: 		
0x011C	0x291E      	GOTO       COMPARE_GT
;__Lib_MathDouble.c,2153 :: 		
0x011D	0x2920      	GOTO       COMPARE_LT
;__Lib_MathDouble.c,2155 :: 		
COMPARE_GT:
;__Lib_MathDouble.c,2158 :: 		
0x011E	0x1403      	BSF        STATUS, 0
;__Lib_MathDouble.c,2159 :: 		
0x011F	0x0008      	RETURN
;__Lib_MathDouble.c,2160 :: 		
COMPARE_LT:
;__Lib_MathDouble.c,2163 :: 		
0x0120	0x1003      	BCF        STATUS, 0
;__Lib_MathDouble.c,2164 :: 		
0x0121	0x0008      	RETURN
;__Lib_MathDouble.c,2165 :: 		
COMPARE_EQU:
;__Lib_MathDouble.c,2168 :: 		
0x0122	0x1403      	BSF        STATUS, 0
;__Lib_MathDouble.c,2169 :: 		
0x0123	0x1503      	BSF        STATUS, 2
;__Lib_MathDouble.c,2170 :: 		
0x0124	0x0008      	RETURN
;__Lib_MathDouble.c,2172 :: 		
L_end_Compare_Double:
0x0125	0x0008      	RETURN
; end of _Compare_Double
_Lcd_Out:
;__Lib_Lcd.c,184 :: 		
;__Lib_Lcd.c,187 :: 		
0x0126	0x2938      	GOTO       L_Lcd_Out11
;__Lib_Lcd.c,188 :: 		
L_Lcd_Out13:
0x0127	0x3080      	MOVLW      128
0x0128	0x1683      	BSF        STATUS, 5
0x0129	0x1303      	BCF        STATUS, 6
0x012A	0x00D5      	MOVWF      FARG_Lcd_Out_row
0x012B	0x294B      	GOTO       L_Lcd_Out12
;__Lib_Lcd.c,189 :: 		
L_Lcd_Out14:
0x012C	0x30C0      	MOVLW      192
0x012D	0x00D5      	MOVWF      FARG_Lcd_Out_row
0x012E	0x294B      	GOTO       L_Lcd_Out12
;__Lib_Lcd.c,190 :: 		
L_Lcd_Out15:
0x012F	0x3094      	MOVLW      148
0x0130	0x00D5      	MOVWF      FARG_Lcd_Out_row
0x0131	0x294B      	GOTO       L_Lcd_Out12
;__Lib_Lcd.c,191 :: 		
L_Lcd_Out16:
0x0132	0x30D4      	MOVLW      212
0x0133	0x00D5      	MOVWF      FARG_Lcd_Out_row
0x0134	0x294B      	GOTO       L_Lcd_Out12
;__Lib_Lcd.c,192 :: 		
L_Lcd_Out17:
0x0135	0x3080      	MOVLW      128
0x0136	0x00D5      	MOVWF      FARG_Lcd_Out_row
;__Lib_Lcd.c,193 :: 		
0x0137	0x294B      	GOTO       L_Lcd_Out12
L_Lcd_Out11:
0x0138	0x1683      	BSF        STATUS, 5
0x0139	0x1303      	BCF        STATUS, 6
0x013A	0x0855      	MOVF       FARG_Lcd_Out_row, 0
0x013B	0x3A01      	XORLW      1
0x013C	0x1903      	BTFSC      STATUS, 2
0x013D	0x2927      	GOTO       L_Lcd_Out13
0x013E	0x0855      	MOVF       FARG_Lcd_Out_row, 0
0x013F	0x3A02      	XORLW      2
0x0140	0x1903      	BTFSC      STATUS, 2
0x0141	0x292C      	GOTO       L_Lcd_Out14
0x0142	0x0855      	MOVF       FARG_Lcd_Out_row, 0
0x0143	0x3A03      	XORLW      3
0x0144	0x1903      	BTFSC      STATUS, 2
0x0145	0x292F      	GOTO       L_Lcd_Out15
0x0146	0x0855      	MOVF       FARG_Lcd_Out_row, 0
0x0147	0x3A04      	XORLW      4
0x0148	0x1903      	BTFSC      STATUS, 2
0x0149	0x2932      	GOTO       L_Lcd_Out16
0x014A	0x2935      	GOTO       L_Lcd_Out17
L_Lcd_Out12:
;__Lib_Lcd.c,194 :: 		
0x014B	0x0356      	DECF       FARG_Lcd_Out_column, 0
0x014C	0x00F0      	MOVWF      R0
0x014D	0x0855      	MOVF       FARG_Lcd_Out_row, 0
0x014E	0x07F0      	ADDWF      R0, 1
0x014F	0x0870      	MOVF       R0, 0
0x0150	0x00D5      	MOVWF      FARG_Lcd_Out_row
;__Lib_Lcd.c,196 :: 		
0x0151	0x0870      	MOVF       R0, 0
0x0152	0x00DA      	MOVWF      FARG_Lcd_Cmd_out_char
0x0153	0x201A      	CALL       _Lcd_Cmd
;__Lib_Lcd.c,197 :: 		
0x0154	0x1683      	BSF        STATUS, 5
0x0155	0x1051      	BCF        __Lib_Lcd_cmd_status, BitPos(__Lib_Lcd_cmd_status+0)
;__Lib_Lcd.c,198 :: 		
0x0156	0x01D8      	CLRF       Lcd_Out_i_L0
;__Lib_Lcd.c,199 :: 		
L_Lcd_Out18:
0x0157	0x0858      	MOVF       Lcd_Out_i_L0, 0
0x0158	0x0757      	ADDWF      FARG_Lcd_Out_text, 0
0x0159	0x0084      	MOVWF      FSR
0x015A	0x0800      	MOVF       INDF, 0
0x015B	0x1903      	BTFSC      STATUS, 2
0x015C	0x2965      	GOTO       L_Lcd_Out19
;__Lib_Lcd.c,200 :: 		
0x015D	0x0858      	MOVF       Lcd_Out_i_L0, 0
0x015E	0x0757      	ADDWF      FARG_Lcd_Out_text, 0
0x015F	0x0084      	MOVWF      FSR
0x0160	0x0800      	MOVF       INDF, 0
0x0161	0x00D9      	MOVWF      FARG_Lcd_Chr_CP_out_char
0x0162	0x208F      	CALL       _Lcd_Chr_CP
0x0163	0x0AD8      	INCF       Lcd_Out_i_L0, 1
0x0164	0x2957      	GOTO       L_Lcd_Out18
L_Lcd_Out19:
;__Lib_Lcd.c,201 :: 		
0x0165	0x1451      	BSF        __Lib_Lcd_cmd_status, BitPos(__Lib_Lcd_cmd_status+0)
;__Lib_Lcd.c,202 :: 		
L_end_Lcd_Out:
0x0166	0x0008      	RETURN
; end of _Lcd_Out
_ADC_Read:
;__Lib_ADC_88X.c,55 :: 		
;__Lib_ADC_88X.c,57 :: 		
0x0167	0x30C3      	MOVLW      195
0x0168	0x1283      	BCF        STATUS, 5
0x0169	0x1303      	BCF        STATUS, 6
0x016A	0x059F      	ANDWF      ADCON0, 1
;__Lib_ADC_88X.c,61 :: 		
0x016B	0x30C0      	MOVLW      192
0x016C	0x009F      	MOVWF      ADCON0
;__Lib_ADC_88X.c,62 :: 		
0x016D	0x1683      	BSF        STATUS, 5
0x016E	0x0855      	MOVF       FARG_ADC_Read_channel, 0
0x016F	0x00F0      	MOVWF      R0
0x0170	0x0DF0      	RLF        R0, 1
0x0171	0x1070      	BCF        R0, 0
0x0172	0x0DF0      	RLF        R0, 1
0x0173	0x1070      	BCF        R0, 0
0x0174	0x0870      	MOVF       R0, 0
0x0175	0x1283      	BCF        STATUS, 5
0x0176	0x049F      	IORWF      ADCON0, 1
;__Lib_ADC_88X.c,63 :: 		
0x0177	0x1683      	BSF        STATUS, 5
0x0178	0x179F      	BSF        ADCON1, 7
;__Lib_ADC_88X.c,66 :: 		
0x0179	0x1283      	BCF        STATUS, 5
0x017A	0x141F      	BSF        ADCON0, 0
;__Lib_ADC_88X.c,69 :: 		
0x017B	0x209F      	CALL       _Delay_22us
;__Lib_ADC_88X.c,72 :: 		
0x017C	0x149F      	BSF        ADCON0, 1
;__Lib_ADC_88X.c,75 :: 		
L_ADC_Read2:
0x017D	0x1C9F      	BTFSS      ADCON0, 1
0x017E	0x2981      	GOTO       L_ADC_Read3
;__Lib_ADC_88X.c,76 :: 		
0x017F	0x0000      	NOP
0x0180	0x297D      	GOTO       L_ADC_Read2
L_ADC_Read3:
;__Lib_ADC_88X.c,79 :: 		
0x0181	0x101F      	BCF        ADCON0, 0
;__Lib_ADC_88X.c,82 :: 		
0x0182	0x081E      	MOVF       ADRESH, 0
0x0183	0x00F1      	MOVWF      R0+1
0x0184	0x01F0      	CLRF       R0
0x0185	0x1683      	BSF        STATUS, 5
0x0186	0x081E      	MOVF       ADRESL, 0
0x0187	0x04F0      	IORWF      R0, 1
0x0188	0x3000      	MOVLW      0
0x0189	0x04F1      	IORWF      R0+1, 1
;__Lib_ADC_88X.c,83 :: 		
L_end_ADC_Read:
0x018A	0x0008      	RETURN
; end of _ADC_Read
_word2double:
;__Lib_MathDouble.c,1862 :: 		
;__Lib_MathDouble.c,1868 :: 		
0x018B	0x1283      	BCF        STATUS, 5
;__Lib_MathDouble.c,1869 :: 		
0x018C	0x1303      	BCF        STATUS, 6
;__Lib_MathDouble.c,1870 :: 		
0x018D	0x0870      	MOVF       R0, 0
;__Lib_MathDouble.c,1871 :: 		
0x018E	0x00F8      	MOVWF      R8
;__Lib_MathDouble.c,1872 :: 		
0x018F	0x0871      	MOVF       R1, 0
;__Lib_MathDouble.c,1873 :: 		
0x0190	0x00F0      	MOVWF      R0
;__Lib_MathDouble.c,1874 :: 		
0x0191	0x01F1      	CLRF       R1
;__Lib_MathDouble.c,1875 :: 		
0x0192	0x01F2      	CLRF       R2
;__Lib_MathDouble.c,1876 :: 		
0x0193	0x01F3      	CLRF       R3
;__Lib_MathDouble.c,1879 :: 		
0x0194	0x01FB      	CLRF       R11
;__Lib_MathDouble.c,1880 :: 		
0x0195	0x01FC      	CLRF       R12
;__Lib_MathDouble.c,1882 :: 		
0x0196	0x3096      	MOVLW      150
;__Lib_MathDouble.c,1883 :: 		
0x0197	0x00F3      	MOVWF      R3
;__Lib_MathDouble.c,1884 :: 		
0x0198	0x01FA      	CLRF       R10
;__Lib_MathDouble.c,1886 :: 		
0x0199	0x0870      	MOVF       R0, 0
;__Lib_MathDouble.c,1887 :: 		
0x019A	0x00F1      	MOVWF      R1
;__Lib_MathDouble.c,1888 :: 		
0x019B	0x0878      	MOVF       R8, 0
;__Lib_MathDouble.c,1889 :: 		
0x019C	0x00F0      	MOVWF      R0
;__Lib_MathDouble.c,1890 :: 		
0x019D	0x01F8      	CLRF       R8
;__Lib_MathDouble.c,1891 :: 		
0x019E	0x01F2      	CLRF       R2
;__Lib_MathDouble.c,1893 :: 		
0x019F	0x20A7      	CALL       _NRM3232
;__Lib_MathDouble.c,1894 :: 		
L_end_word2double:
0x01A0	0x0008      	RETURN
; end of _word2double
_Lcd_Init:
;__Lib_Lcd.c,84 :: 		
;__Lib_Lcd.c,86 :: 		
0x01A1	0x1683      	BSF        STATUS, 5
0x01A2	0x1303      	BCF        STATUS, 6
0x01A3	0x1088      	BCF        LCD_EN_Direction, BitPos(LCD_EN_Direction+0)
;__Lib_Lcd.c,87 :: 		
0x01A4	0x1008      	BCF        LCD_RS_Direction, BitPos(LCD_RS_Direction+0)
;__Lib_Lcd.c,88 :: 		
0x01A5	0x1108      	BCF        LCD_D4_Direction, BitPos(LCD_D4_Direction+0)
;__Lib_Lcd.c,89 :: 		
0x01A6	0x1188      	BCF        LCD_D5_Direction, BitPos(LCD_D5_Direction+0)
;__Lib_Lcd.c,90 :: 		
0x01A7	0x1208      	BCF        LCD_D6_Direction, BitPos(LCD_D6_Direction+0)
;__Lib_Lcd.c,91 :: 		
0x01A8	0x1288      	BCF        LCD_D7_Direction, BitPos(LCD_D7_Direction+0)
;__Lib_Lcd.c,93 :: 		
0x01A9	0x1283      	BCF        STATUS, 5
0x01AA	0x1088      	BCF        LCD_EN, BitPos(LCD_EN+0)
;__Lib_Lcd.c,94 :: 		
0x01AB	0x1008      	BCF        LCD_RS, BitPos(LCD_RS+0)
;__Lib_Lcd.c,95 :: 		
0x01AC	0x1288      	BCF        LCD_D7, BitPos(LCD_D7+0)
;__Lib_Lcd.c,96 :: 		
0x01AD	0x1208      	BCF        LCD_D6, BitPos(LCD_D6+0)
;__Lib_Lcd.c,97 :: 		
0x01AE	0x1188      	BCF        LCD_D5, BitPos(LCD_D5+0)
;__Lib_Lcd.c,98 :: 		
0x01AF	0x1108      	BCF        LCD_D4, BitPos(LCD_D4+0)
;__Lib_Lcd.c,100 :: 		
0x01B0	0x2006      	CALL       _Delay_5500us
;__Lib_Lcd.c,101 :: 		
0x01B1	0x2006      	CALL       _Delay_5500us
;__Lib_Lcd.c,102 :: 		
0x01B2	0x2006      	CALL       _Delay_5500us
;__Lib_Lcd.c,105 :: 		
0x01B3	0x1588      	BSF        LCD_D5, BitPos(LCD_D5+0)
;__Lib_Lcd.c,106 :: 		
0x01B4	0x1508      	BSF        LCD_D4, BitPos(LCD_D4+0)
;__Lib_Lcd.c,107 :: 		
0x01B5	0x1488      	BSF        LCD_EN, BitPos(LCD_EN+0)
;__Lib_Lcd.c,108 :: 		
0x01B6	0x2003      	CALL       _Delay_1us
;__Lib_Lcd.c,109 :: 		
0x01B7	0x1088      	BCF        LCD_EN, BitPos(LCD_EN+0)
;__Lib_Lcd.c,110 :: 		
0x01B8	0x2006      	CALL       _Delay_5500us
;__Lib_Lcd.c,112 :: 		
0x01B9	0x1488      	BSF        LCD_EN, BitPos(LCD_EN+0)
;__Lib_Lcd.c,113 :: 		
0x01BA	0x2003      	CALL       _Delay_1us
;__Lib_Lcd.c,114 :: 		
0x01BB	0x1088      	BCF        LCD_EN, BitPos(LCD_EN+0)
;__Lib_Lcd.c,115 :: 		
0x01BC	0x2006      	CALL       _Delay_5500us
;__Lib_Lcd.c,117 :: 		
0x01BD	0x1488      	BSF        LCD_EN, BitPos(LCD_EN+0)
;__Lib_Lcd.c,118 :: 		
0x01BE	0x2003      	CALL       _Delay_1us
;__Lib_Lcd.c,119 :: 		
0x01BF	0x1088      	BCF        LCD_EN, BitPos(LCD_EN+0)
;__Lib_Lcd.c,120 :: 		
0x01C0	0x2006      	CALL       _Delay_5500us
;__Lib_Lcd.c,123 :: 		
0x01C1	0x1108      	BCF        LCD_D4, BitPos(LCD_D4+0)
;__Lib_Lcd.c,124 :: 		
0x01C2	0x1488      	BSF        LCD_EN, BitPos(LCD_EN+0)
;__Lib_Lcd.c,125 :: 		
0x01C3	0x2003      	CALL       _Delay_1us
;__Lib_Lcd.c,126 :: 		
0x01C4	0x1088      	BCF        LCD_EN, BitPos(LCD_EN+0)
;__Lib_Lcd.c,127 :: 		
0x01C5	0x2006      	CALL       _Delay_5500us
;__Lib_Lcd.c,130 :: 		
0x01C6	0x1488      	BSF        LCD_EN, BitPos(LCD_EN+0)
;__Lib_Lcd.c,131 :: 		
0x01C7	0x2003      	CALL       _Delay_1us
;__Lib_Lcd.c,132 :: 		
0x01C8	0x1088      	BCF        LCD_EN, BitPos(LCD_EN+0)
;__Lib_Lcd.c,134 :: 		
0x01C9	0x1188      	BCF        LCD_D5, BitPos(LCD_D5+0)
;__Lib_Lcd.c,135 :: 		
0x01CA	0x1688      	BSF        LCD_D7, BitPos(LCD_D7+0)
;__Lib_Lcd.c,136 :: 		
0x01CB	0x1488      	BSF        LCD_EN, BitPos(LCD_EN+0)
;__Lib_Lcd.c,137 :: 		
0x01CC	0x2003      	CALL       _Delay_1us
;__Lib_Lcd.c,138 :: 		
0x01CD	0x1088      	BCF        LCD_EN, BitPos(LCD_EN+0)
;__Lib_Lcd.c,139 :: 		
0x01CE	0x2006      	CALL       _Delay_5500us
;__Lib_Lcd.c,142 :: 		
0x01CF	0x1288      	BCF        LCD_D7, BitPos(LCD_D7+0)
;__Lib_Lcd.c,143 :: 		
0x01D0	0x1508      	BSF        LCD_D4, BitPos(LCD_D4+0)
;__Lib_Lcd.c,144 :: 		
0x01D1	0x1488      	BSF        LCD_EN, BitPos(LCD_EN+0)
;__Lib_Lcd.c,145 :: 		
0x01D2	0x2003      	CALL       _Delay_1us
;__Lib_Lcd.c,146 :: 		
0x01D3	0x1088      	BCF        LCD_EN, BitPos(LCD_EN+0)
;__Lib_Lcd.c,148 :: 		
0x01D4	0x1108      	BCF        LCD_D4, BitPos(LCD_D4+0)
;__Lib_Lcd.c,149 :: 		
0x01D5	0x1488      	BSF        LCD_EN, BitPos(LCD_EN+0)
;__Lib_Lcd.c,150 :: 		
0x01D6	0x2003      	CALL       _Delay_1us
;__Lib_Lcd.c,151 :: 		
0x01D7	0x1088      	BCF        LCD_EN, BitPos(LCD_EN+0)
;__Lib_Lcd.c,152 :: 		
0x01D8	0x2006      	CALL       _Delay_5500us
;__Lib_Lcd.c,155 :: 		
0x01D9	0x1488      	BSF        LCD_EN, BitPos(LCD_EN+0)
;__Lib_Lcd.c,156 :: 		
0x01DA	0x2003      	CALL       _Delay_1us
;__Lib_Lcd.c,157 :: 		
0x01DB	0x1088      	BCF        LCD_EN, BitPos(LCD_EN+0)
;__Lib_Lcd.c,159 :: 		
0x01DC	0x1508      	BSF        LCD_D4, BitPos(LCD_D4+0)
;__Lib_Lcd.c,160 :: 		
0x01DD	0x1488      	BSF        LCD_EN, BitPos(LCD_EN+0)
;__Lib_Lcd.c,161 :: 		
0x01DE	0x2003      	CALL       _Delay_1us
;__Lib_Lcd.c,162 :: 		
0x01DF	0x1088      	BCF        LCD_EN, BitPos(LCD_EN+0)
;__Lib_Lcd.c,163 :: 		
0x01E0	0x2006      	CALL       _Delay_5500us
;__Lib_Lcd.c,166 :: 		
0x01E1	0x1108      	BCF        LCD_D4, BitPos(LCD_D4+0)
;__Lib_Lcd.c,167 :: 		
0x01E2	0x1488      	BSF        LCD_EN, BitPos(LCD_EN+0)
;__Lib_Lcd.c,168 :: 		
0x01E3	0x2003      	CALL       _Delay_1us
;__Lib_Lcd.c,169 :: 		
0x01E4	0x1088      	BCF        LCD_EN, BitPos(LCD_EN+0)
;__Lib_Lcd.c,171 :: 		
0x01E5	0x1688      	BSF        LCD_D7, BitPos(LCD_D7+0)
;__Lib_Lcd.c,172 :: 		
0x01E6	0x1608      	BSF        LCD_D6, BitPos(LCD_D6+0)
;__Lib_Lcd.c,173 :: 		
0x01E7	0x1588      	BSF        LCD_D5, BitPos(LCD_D5+0)
;__Lib_Lcd.c,174 :: 		
0x01E8	0x1508      	BSF        LCD_D4, BitPos(LCD_D4+0)
;__Lib_Lcd.c,175 :: 		
0x01E9	0x1488      	BSF        LCD_EN, BitPos(LCD_EN+0)
;__Lib_Lcd.c,176 :: 		
0x01EA	0x2003      	CALL       _Delay_1us
;__Lib_Lcd.c,177 :: 		
0x01EB	0x1088      	BCF        LCD_EN, BitPos(LCD_EN+0)
;__Lib_Lcd.c,179 :: 		
0x01EC	0x2006      	CALL       _Delay_5500us
;__Lib_Lcd.c,181 :: 		
0x01ED	0x1683      	BSF        STATUS, 5
0x01EE	0x1451      	BSF        __Lib_Lcd_cmd_status, BitPos(__Lib_Lcd_cmd_status+0)
;__Lib_Lcd.c,182 :: 		
L_end_Lcd_Init:
0x01EF	0x0008      	RETURN
; end of _Lcd_Init
_ADC_Init:
;__Lib_ADC_88X.c,11 :: 		
;__Lib_ADC_88X.c,12 :: 		
0x01F0	0x30FF      	MOVLW      _ADC_Get_Sample
0x01F1	0x1683      	BSF        STATUS, 5
0x01F2	0x1303      	BCF        STATUS, 6
0x01F3	0x00D2      	MOVWF      _ADC_Get_Sample_Ptr
0x01F4	0x30FF      	MOVLW      hi_addr(_ADC_Get_Sample)
0x01F5	0x00D3      	MOVWF      _ADC_Get_Sample_Ptr+1
0x01F6	0x30FF      	MOVLW      FARG_ADC_Get_Sample_channel
0x01F7	0x00D4      	MOVWF      _ADC_Get_Sample_Ptr+2
0x01F8	0x30FF      	MOVLW      hi_addr(FARG_ADC_Get_Sample_channel)
;__Lib_ADC_88X.c,14 :: 		
0x01F9	0x30C3      	MOVLW      195
0x01FA	0x1283      	BCF        STATUS, 5
0x01FB	0x059F      	ANDWF      ADCON0, 1
;__Lib_ADC_88X.c,18 :: 		
0x01FC	0x30C0      	MOVLW      192
0x01FD	0x009F      	MOVWF      ADCON0
;__Lib_ADC_88X.c,19 :: 		
0x01FE	0x1683      	BSF        STATUS, 5
0x01FF	0x179F      	BSF        ADCON1, 7
;__Lib_ADC_88X.c,22 :: 		
0x0200	0x1283      	BCF        STATUS, 5
0x0201	0x141F      	BSF        ADCON0, 0
;__Lib_ADC_88X.c,23 :: 		
L_end_ADC_Init:
0x0202	0x0008      	RETURN
; end of _ADC_Init
___CC2DW:
;__Lib_System.c,134 :: 		
;__Lib_System.c,137 :: 		
_CC2D_Loop1:
;__Lib_System.c,139 :: 		
0x0203	0x2098      	CALL       _____DoICP
0x0204	0x118A      	BCF        PCLATH, 3
0x0205	0x120A      	BCF        PCLATH, 4
;__Lib_System.c,141 :: 		
0x0206	0x0080      	MOVWF      INDF
;__Lib_System.c,142 :: 		
0x0207	0x0A84      	INCF       FSR, 1
;__Lib_System.c,143 :: 		
0x0208	0x0AEE      	INCF       ___DoICPAddr, 1
;__Lib_System.c,145 :: 		
0x0209	0x1903      	BTFSC      STATUS, 2
;__Lib_System.c,146 :: 		
0x020A	0x0AEF      	INCF       ___DoICPAddr+1, 1
;__Lib_System.c,147 :: 		
0x020B	0x03F0      	DECF       R0, 1
;__Lib_System.c,149 :: 		
0x020C	0x1D03      	BTFSS      STATUS, 2
;__Lib_System.c,150 :: 		
0x020D	0x2A03      	GOTO       _CC2D_Loop1
;__Lib_System.c,152 :: 		
L_end___CC2DW:
0x020E	0x0008      	RETURN
; end of ___CC2DW
_main:
0x020F	0x2384      	CALL       900
;microproject.c,20 :: 		void main()
;microproject.c,24 :: 		TRISC = 0x00;
0x0210	0x1683      	BSF        STATUS, 5
0x0211	0x1303      	BCF        STATUS, 6
0x0212	0x0187      	CLRF       TRISC
;microproject.c,25 :: 		PORTC = 0x00;
0x0213	0x1283      	BCF        STATUS, 5
0x0214	0x0187      	CLRF       PORTC
;microproject.c,26 :: 		ADC_Init();                   // Initialize ADC
0x0215	0x21F0      	CALL       _ADC_Init
;microproject.c,27 :: 		Lcd_Init();                   // Initialize LCD
0x0216	0x21A1      	CALL       _Lcd_Init
;microproject.c,28 :: 		Lcd_Cmd(_LCD_CLEAR);          // Clear display
0x0217	0x3001      	MOVLW      1
0x0218	0x00DA      	MOVWF      FARG_Lcd_Cmd_out_char
0x0219	0x201A      	CALL       _Lcd_Cmd
;microproject.c,29 :: 		Lcd_Cmd(_LCD_CURSOR_OFF);     // Cursor off
0x021A	0x300C      	MOVLW      12
0x021B	0x1683      	BSF        STATUS, 5
0x021C	0x00DA      	MOVWF      FARG_Lcd_Cmd_out_char
0x021D	0x201A      	CALL       _Lcd_Cmd
;microproject.c,32 :: 		Lcd_Out(1, 1, "    Irrigation ");  //anything you want to print
0x021E	0x3001      	MOVLW      1
0x021F	0x1683      	BSF        STATUS, 5
0x0220	0x00D5      	MOVWF      FARG_Lcd_Out_row
0x0221	0x3001      	MOVLW      1
0x0222	0x00D6      	MOVWF      FARG_Lcd_Out_column
0x0223	0x302C      	MOVLW      ?lstr1_microproject
0x0224	0x00D7      	MOVWF      FARG_Lcd_Out_text
0x0225	0x2126      	CALL       _Lcd_Out
;microproject.c,33 :: 		Lcd_Out(2, 1, "    system");
0x0226	0x3002      	MOVLW      2
0x0227	0x00D5      	MOVWF      FARG_Lcd_Out_row
0x0228	0x3001      	MOVLW      1
0x0229	0x00D6      	MOVWF      FARG_Lcd_Out_column
0x022A	0x3021      	MOVLW      ?lstr2_microproject
0x022B	0x00D7      	MOVWF      FARG_Lcd_Out_text
0x022C	0x2126      	CALL       _Lcd_Out
;microproject.c,34 :: 		delay_ms(2000);
0x022D	0x3015      	MOVLW      21
0x022E	0x00FB      	MOVWF      R11
0x022F	0x304B      	MOVLW      75
0x0230	0x00FC      	MOVWF      R12
0x0231	0x30BE      	MOVLW      190
0x0232	0x00FD      	MOVWF      R13
L_main0:
0x0233	0x0BFD      	DECFSZ     R13, 1
0x0234	0x2A33      	GOTO       L_main0
0x0235	0x0BFC      	DECFSZ     R12, 1
0x0236	0x2A33      	GOTO       L_main0
0x0237	0x0BFB      	DECFSZ     R11, 1
0x0238	0x2A33      	GOTO       L_main0
0x0239	0x0000      	NOP
;microproject.c,35 :: 		Lcd_Cmd(_LCD_CLEAR);
0x023A	0x3001      	MOVLW      1
0x023B	0x00DA      	MOVWF      FARG_Lcd_Cmd_out_char
0x023C	0x201A      	CALL       _Lcd_Cmd
;microproject.c,36 :: 		Lcd_Out(1, 1, "    Automation ");  //anything you want to print
0x023D	0x3001      	MOVLW      1
0x023E	0x1683      	BSF        STATUS, 5
0x023F	0x00D5      	MOVWF      FARG_Lcd_Out_row
0x0240	0x3001      	MOVLW      1
0x0241	0x00D6      	MOVWF      FARG_Lcd_Out_column
0x0242	0x30A0      	MOVLW      ?lstr3_microproject
0x0243	0x00D7      	MOVWF      FARG_Lcd_Out_text
0x0244	0x2126      	CALL       _Lcd_Out
;microproject.c,37 :: 		Lcd_Out(2, 1, "    system");
0x0245	0x3002      	MOVLW      2
0x0246	0x00D5      	MOVWF      FARG_Lcd_Out_row
0x0247	0x3001      	MOVLW      1
0x0248	0x00D6      	MOVWF      FARG_Lcd_Out_column
0x0249	0x3063      	MOVLW      ?lstr4_microproject
0x024A	0x00D7      	MOVWF      FARG_Lcd_Out_text
0x024B	0x2126      	CALL       _Lcd_Out
;microproject.c,38 :: 		delay_ms(2000);
0x024C	0x3015      	MOVLW      21
0x024D	0x00FB      	MOVWF      R11
0x024E	0x304B      	MOVLW      75
0x024F	0x00FC      	MOVWF      R12
0x0250	0x30BE      	MOVLW      190
0x0251	0x00FD      	MOVWF      R13
L_main1:
0x0252	0x0BFD      	DECFSZ     R13, 1
0x0253	0x2A52      	GOTO       L_main1
0x0254	0x0BFC      	DECFSZ     R12, 1
0x0255	0x2A52      	GOTO       L_main1
0x0256	0x0BFB      	DECFSZ     R11, 1
0x0257	0x2A52      	GOTO       L_main1
0x0258	0x0000      	NOP
;microproject.c,39 :: 		Lcd_Cmd(_LCD_CLEAR);
0x0259	0x3001      	MOVLW      1
0x025A	0x00DA      	MOVWF      FARG_Lcd_Cmd_out_char
0x025B	0x201A      	CALL       _Lcd_Cmd
;microproject.c,40 :: 		Lcd_Out(1, 1, "  SOIL MOISTURE ");
0x025C	0x3001      	MOVLW      1
0x025D	0x1683      	BSF        STATUS, 5
0x025E	0x00D5      	MOVWF      FARG_Lcd_Out_row
0x025F	0x3001      	MOVLW      1
0x0260	0x00D6      	MOVWF      FARG_Lcd_Out_column
0x0261	0x30B0      	MOVLW      ?lstr5_microproject
0x0262	0x00D7      	MOVWF      FARG_Lcd_Out_text
0x0263	0x2126      	CALL       _Lcd_Out
;microproject.c,41 :: 		Lcd_Out(2, 1, " automation");
0x0264	0x3002      	MOVLW      2
0x0265	0x00D5      	MOVWF      FARG_Lcd_Out_row
0x0266	0x3001      	MOVLW      1
0x0267	0x00D6      	MOVWF      FARG_Lcd_Out_column
0x0268	0x30C5      	MOVLW      ?lstr6_microproject
0x0269	0x00D7      	MOVWF      FARG_Lcd_Out_text
0x026A	0x2126      	CALL       _Lcd_Out
;microproject.c,42 :: 		delay_ms(2000);
0x026B	0x3015      	MOVLW      21
0x026C	0x00FB      	MOVWF      R11
0x026D	0x304B      	MOVLW      75
0x026E	0x00FC      	MOVWF      R12
0x026F	0x30BE      	MOVLW      190
0x0270	0x00FD      	MOVWF      R13
L_main2:
0x0271	0x0BFD      	DECFSZ     R13, 1
0x0272	0x2A71      	GOTO       L_main2
0x0273	0x0BFC      	DECFSZ     R12, 1
0x0274	0x2A71      	GOTO       L_main2
0x0275	0x0BFB      	DECFSZ     R11, 1
0x0276	0x2A71      	GOTO       L_main2
0x0277	0x0000      	NOP
;microproject.c,43 :: 		Lcd_Cmd(_LCD_CLEAR);          // Clear display
0x0278	0x3001      	MOVLW      1
0x0279	0x00DA      	MOVWF      FARG_Lcd_Cmd_out_char
0x027A	0x201A      	CALL       _Lcd_Cmd
;microproject.c,45 :: 		while(1)
L_main3:
;microproject.c,47 :: 		source=Adc_Read(1);
0x027B	0x3001      	MOVLW      1
0x027C	0x1683      	BSF        STATUS, 5
0x027D	0x00D5      	MOVWF      FARG_ADC_Read_channel
0x027E	0x2167      	CALL       _ADC_Read
0x027F	0x218B      	CALL       _word2double
0x0280	0x0870      	MOVF       R0, 0
0x0281	0x1683      	BSF        STATUS, 5
0x0282	0x00C1      	MOVWF      _source
0x0283	0x0871      	MOVF       R0+1, 0
0x0284	0x00C2      	MOVWF      _source+1
0x0285	0x0872      	MOVF       R0+2, 0
0x0286	0x00C3      	MOVWF      _source+2
0x0287	0x0873      	MOVF       R0+3, 0
0x0288	0x00C4      	MOVWF      _source+3
;microproject.c,49 :: 		if(source>600)
0x0289	0x0870      	MOVF       R0, 0
0x028A	0x00F4      	MOVWF      R4
0x028B	0x0871      	MOVF       R0+1, 0
0x028C	0x00F5      	MOVWF      R4+1
0x028D	0x0872      	MOVF       R0+2, 0
0x028E	0x00F6      	MOVWF      R4+2
0x028F	0x0873      	MOVF       R0+3, 0
0x0290	0x00F7      	MOVWF      R4+3
0x0291	0x3000      	MOVLW      0
0x0292	0x00F0      	MOVWF      R0
0x0293	0x3000      	MOVLW      0
0x0294	0x00F1      	MOVWF      R0+1
0x0295	0x3016      	MOVLW      22
0x0296	0x00F2      	MOVWF      R0+2
0x0297	0x3088      	MOVLW      136
0x0298	0x00F3      	MOVWF      R0+3
0x0299	0x20D6      	CALL       _Compare_Double
0x029A	0x3001      	MOVLW      1
0x029B	0x1803      	BTFSC      STATUS, 0
0x029C	0x3000      	MOVLW      0
0x029D	0x00F0      	MOVWF      R0
0x029E	0x0870      	MOVF       R0, 0
0x029F	0x1903      	BTFSC      STATUS, 2
0x02A0	0x2AC4      	GOTO       L_main5
;microproject.c,51 :: 		PORTC = 0b11111101;                  //motor on
0x02A1	0x30FD      	MOVLW      253
0x02A2	0x0087      	MOVWF      PORTC
;microproject.c,52 :: 		delay_ms(500);
0x02A3	0x3006      	MOVLW      6
0x02A4	0x00FB      	MOVWF      R11
0x02A5	0x3013      	MOVLW      19
0x02A6	0x00FC      	MOVWF      R12
0x02A7	0x30AD      	MOVLW      173
0x02A8	0x00FD      	MOVWF      R13
L_main6:
0x02A9	0x0BFD      	DECFSZ     R13, 1
0x02AA	0x2AA9      	GOTO       L_main6
0x02AB	0x0BFC      	DECFSZ     R12, 1
0x02AC	0x2AA9      	GOTO       L_main6
0x02AD	0x0BFB      	DECFSZ     R11, 1
0x02AE	0x2AA9      	GOTO       L_main6
0x02AF	0x0000      	NOP
0x02B0	0x0000      	NOP
;microproject.c,53 :: 		Lcd_Cmd(_LCD_CLEAR);
0x02B1	0x3001      	MOVLW      1
0x02B2	0x1683      	BSF        STATUS, 5
0x02B3	0x00DA      	MOVWF      FARG_Lcd_Cmd_out_char
0x02B4	0x201A      	CALL       _Lcd_Cmd
;microproject.c,54 :: 		Lcd_Out(1,5, "Dry Soil");
0x02B5	0x3001      	MOVLW      1
0x02B6	0x1683      	BSF        STATUS, 5
0x02B7	0x00D5      	MOVWF      FARG_Lcd_Out_row
0x02B8	0x3005      	MOVLW      5
0x02B9	0x00D6      	MOVWF      FARG_Lcd_Out_column
0x02BA	0x305A      	MOVLW      ?lstr7_microproject
0x02BB	0x00D7      	MOVWF      FARG_Lcd_Out_text
0x02BC	0x2126      	CALL       _Lcd_Out
;microproject.c,55 :: 		Lcd_Out(2,5, "Motor On");
0x02BD	0x3002      	MOVLW      2
0x02BE	0x00D5      	MOVWF      FARG_Lcd_Out_row
0x02BF	0x3005      	MOVLW      5
0x02C0	0x00D6      	MOVWF      FARG_Lcd_Out_column
0x02C1	0x3047      	MOVLW      ?lstr8_microproject
0x02C2	0x00D7      	MOVWF      FARG_Lcd_Out_text
0x02C3	0x2126      	CALL       _Lcd_Out
;microproject.c,56 :: 		}
L_main5:
0x02C4	0x1683      	BSF        STATUS, 5
;microproject.c,58 :: 		if(source<=600)
0x02C5	0x0841      	MOVF       _source, 0
0x02C6	0x00F4      	MOVWF      R4
0x02C7	0x0842      	MOVF       _source+1, 0
0x02C8	0x00F5      	MOVWF      R4+1
0x02C9	0x0843      	MOVF       _source+2, 0
0x02CA	0x00F6      	MOVWF      R4+2
0x02CB	0x0844      	MOVF       _source+3, 0
0x02CC	0x00F7      	MOVWF      R4+3
0x02CD	0x3000      	MOVLW      0
0x02CE	0x00F0      	MOVWF      R0
0x02CF	0x3000      	MOVLW      0
0x02D0	0x00F1      	MOVWF      R0+1
0x02D1	0x3016      	MOVLW      22
0x02D2	0x00F2      	MOVWF      R0+2
0x02D3	0x3088      	MOVLW      136
0x02D4	0x00F3      	MOVWF      R0+3
0x02D5	0x20D6      	CALL       _Compare_Double
0x02D6	0x3001      	MOVLW      1
0x02D7	0x1C03      	BTFSS      STATUS, 0
0x02D8	0x3000      	MOVLW      0
0x02D9	0x00F0      	MOVWF      R0
0x02DA	0x0870      	MOVF       R0, 0
0x02DB	0x1903      	BTFSC      STATUS, 2
0x02DC	0x2AFF      	GOTO       L_main7
;microproject.c,60 :: 		PORTC = 0b00000000;
0x02DD	0x0187      	CLRF       PORTC
;microproject.c,61 :: 		delay_ms(500);                  //motor off
0x02DE	0x3006      	MOVLW      6
0x02DF	0x00FB      	MOVWF      R11
0x02E0	0x3013      	MOVLW      19
0x02E1	0x00FC      	MOVWF      R12
0x02E2	0x30AD      	MOVLW      173
0x02E3	0x00FD      	MOVWF      R13
L_main8:
0x02E4	0x0BFD      	DECFSZ     R13, 1
0x02E5	0x2AE4      	GOTO       L_main8
0x02E6	0x0BFC      	DECFSZ     R12, 1
0x02E7	0x2AE4      	GOTO       L_main8
0x02E8	0x0BFB      	DECFSZ     R11, 1
0x02E9	0x2AE4      	GOTO       L_main8
0x02EA	0x0000      	NOP
0x02EB	0x0000      	NOP
;microproject.c,62 :: 		Lcd_Cmd(_LCD_CLEAR);
0x02EC	0x3001      	MOVLW      1
0x02ED	0x1683      	BSF        STATUS, 5
0x02EE	0x00DA      	MOVWF      FARG_Lcd_Cmd_out_char
0x02EF	0x201A      	CALL       _Lcd_Cmd
;microproject.c,63 :: 		Lcd_Out(1,5, "Humid Soil");
0x02F0	0x3001      	MOVLW      1
0x02F1	0x1683      	BSF        STATUS, 5
0x02F2	0x00D5      	MOVWF      FARG_Lcd_Out_row
0x02F3	0x3005      	MOVLW      5
0x02F4	0x00D6      	MOVWF      FARG_Lcd_Out_column
0x02F5	0x303C      	MOVLW      ?lstr9_microproject
0x02F6	0x00D7      	MOVWF      FARG_Lcd_Out_text
0x02F7	0x2126      	CALL       _Lcd_Out
;microproject.c,64 :: 		Lcd_Out(2,5, "Motor OFF");
0x02F8	0x3002      	MOVLW      2
0x02F9	0x00D5      	MOVWF      FARG_Lcd_Out_row
0x02FA	0x3005      	MOVLW      5
0x02FB	0x00D6      	MOVWF      FARG_Lcd_Out_column
0x02FC	0x3050      	MOVLW      ?lstr10_microproject
0x02FD	0x00D7      	MOVWF      FARG_Lcd_Out_text
0x02FE	0x2126      	CALL       _Lcd_Out
;microproject.c,65 :: 		}
L_main7:
;microproject.c,66 :: 		}
0x02FF	0x2A7B      	GOTO       L_main3
;microproject.c,68 :: 		}
L_end_main:
0x0300	0x2B00      	GOTO       $+0
; end of _main
0x0384	0x3021      	MOVLW      33
0x0385	0x0084      	MOVWF      FSR
0x0386	0x304D      	MOVLW      77
0x0387	0x1283      	BCF        STATUS, 5
0x0388	0x1303      	BCF        STATUS, 6
0x0389	0x00F0      	MOVWF      R0
0x038A	0x3006      	MOVLW      6
0x038B	0x00EE      	MOVWF      ___DoICPAddr
0x038C	0x3003      	MOVLW      3
0x038D	0x00EF      	MOVWF      111
0x038E	0x2203      	CALL       515
0x038F	0x30A0      	MOVLW      160
0x0390	0x0084      	MOVWF      FSR
0x0391	0x3031      	MOVLW      49
0x0392	0x1283      	BCF        STATUS, 5
0x0393	0x1303      	BCF        STATUS, 6
0x0394	0x00F0      	MOVWF      R0
0x0395	0x3053      	MOVLW      83
0x0396	0x00EE      	MOVWF      ___DoICPAddr
0x0397	0x3003      	MOVLW      3
0x0398	0x00EF      	MOVWF      111
0x0399	0x2203      	CALL       515
0x039A	0x0008      	RETURN
;microproject.c,0 :: ?ICS?lstr2_microproject
0x0306	0x3420 ;?ICS?lstr2_microproject+0
0x0307	0x3420 ;?ICS?lstr2_microproject+1
0x0308	0x3420 ;?ICS?lstr2_microproject+2
0x0309	0x3420 ;?ICS?lstr2_microproject+3
0x030A	0x3473 ;?ICS?lstr2_microproject+4
0x030B	0x3479 ;?ICS?lstr2_microproject+5
0x030C	0x3473 ;?ICS?lstr2_microproject+6
0x030D	0x3474 ;?ICS?lstr2_microproject+7
0x030E	0x3465 ;?ICS?lstr2_microproject+8
0x030F	0x346D ;?ICS?lstr2_microproject+9
0x0310	0x3400 ;?ICS?lstr2_microproject+10
; end of ?ICS?lstr2_microproject
;microproject.c,0 :: ?ICS?lstr1_microproject
0x0311	0x3420 ;?ICS?lstr1_microproject+0
0x0312	0x3420 ;?ICS?lstr1_microproject+1
0x0313	0x3420 ;?ICS?lstr1_microproject+2
0x0314	0x3420 ;?ICS?lstr1_microproject+3
0x0315	0x3449 ;?ICS?lstr1_microproject+4
0x0316	0x3472 ;?ICS?lstr1_microproject+5
0x0317	0x3472 ;?ICS?lstr1_microproject+6
0x0318	0x3469 ;?ICS?lstr1_microproject+7
0x0319	0x3467 ;?ICS?lstr1_microproject+8
0x031A	0x3461 ;?ICS?lstr1_microproject+9
0x031B	0x3474 ;?ICS?lstr1_microproject+10
0x031C	0x3469 ;?ICS?lstr1_microproject+11
0x031D	0x346F ;?ICS?lstr1_microproject+12
0x031E	0x346E ;?ICS?lstr1_microproject+13
0x031F	0x3420 ;?ICS?lstr1_microproject+14
0x0320	0x3400 ;?ICS?lstr1_microproject+15
; end of ?ICS?lstr1_microproject
;microproject.c,0 :: ?ICS?lstr9_microproject
0x0321	0x3448 ;?ICS?lstr9_microproject+0
0x0322	0x3475 ;?ICS?lstr9_microproject+1
0x0323	0x346D ;?ICS?lstr9_microproject+2
0x0324	0x3469 ;?ICS?lstr9_microproject+3
0x0325	0x3464 ;?ICS?lstr9_microproject+4
0x0326	0x3420 ;?ICS?lstr9_microproject+5
0x0327	0x3453 ;?ICS?lstr9_microproject+6
0x0328	0x346F ;?ICS?lstr9_microproject+7
0x0329	0x3469 ;?ICS?lstr9_microproject+8
0x032A	0x346C ;?ICS?lstr9_microproject+9
0x032B	0x3400 ;?ICS?lstr9_microproject+10
; end of ?ICS?lstr9_microproject
;microproject.c,0 :: ?ICS?lstr8_microproject
0x032C	0x344D ;?ICS?lstr8_microproject+0
0x032D	0x346F ;?ICS?lstr8_microproject+1
0x032E	0x3474 ;?ICS?lstr8_microproject+2
0x032F	0x346F ;?ICS?lstr8_microproject+3
0x0330	0x3472 ;?ICS?lstr8_microproject+4
0x0331	0x3420 ;?ICS?lstr8_microproject+5
0x0332	0x344F ;?ICS?lstr8_microproject+6
0x0333	0x346E ;?ICS?lstr8_microproject+7
0x0334	0x3400 ;?ICS?lstr8_microproject+8
; end of ?ICS?lstr8_microproject
;microproject.c,0 :: ?ICS?lstr10_microproject
0x0335	0x344D ;?ICS?lstr10_microproject+0
0x0336	0x346F ;?ICS?lstr10_microproject+1
0x0337	0x3474 ;?ICS?lstr10_microproject+2
0x0338	0x346F ;?ICS?lstr10_microproject+3
0x0339	0x3472 ;?ICS?lstr10_microproject+4
0x033A	0x3420 ;?ICS?lstr10_microproject+5
0x033B	0x344F ;?ICS?lstr10_microproject+6
0x033C	0x3446 ;?ICS?lstr10_microproject+7
0x033D	0x3446 ;?ICS?lstr10_microproject+8
0x033E	0x3400 ;?ICS?lstr10_microproject+9
; end of ?ICS?lstr10_microproject
;microproject.c,0 :: ?ICS?lstr7_microproject
0x033F	0x3444 ;?ICS?lstr7_microproject+0
0x0340	0x3472 ;?ICS?lstr7_microproject+1
0x0341	0x3479 ;?ICS?lstr7_microproject+2
0x0342	0x3420 ;?ICS?lstr7_microproject+3
0x0343	0x3453 ;?ICS?lstr7_microproject+4
0x0344	0x346F ;?ICS?lstr7_microproject+5
0x0345	0x3469 ;?ICS?lstr7_microproject+6
0x0346	0x346C ;?ICS?lstr7_microproject+7
0x0347	0x3400 ;?ICS?lstr7_microproject+8
; end of ?ICS?lstr7_microproject
;microproject.c,0 :: ?ICS?lstr4_microproject
0x0348	0x3420 ;?ICS?lstr4_microproject+0
0x0349	0x3420 ;?ICS?lstr4_microproject+1
0x034A	0x3420 ;?ICS?lstr4_microproject+2
0x034B	0x3420 ;?ICS?lstr4_microproject+3
0x034C	0x3473 ;?ICS?lstr4_microproject+4
0x034D	0x3479 ;?ICS?lstr4_microproject+5
0x034E	0x3473 ;?ICS?lstr4_microproject+6
0x034F	0x3474 ;?ICS?lstr4_microproject+7
0x0350	0x3465 ;?ICS?lstr4_microproject+8
0x0351	0x346D ;?ICS?lstr4_microproject+9
0x0352	0x3400 ;?ICS?lstr4_microproject+10
; end of ?ICS?lstr4_microproject
;microproject.c,0 :: ?ICS?lstr3_microproject
0x0353	0x3420 ;?ICS?lstr3_microproject+0
0x0354	0x3420 ;?ICS?lstr3_microproject+1
0x0355	0x3420 ;?ICS?lstr3_microproject+2
0x0356	0x3420 ;?ICS?lstr3_microproject+3
0x0357	0x3441 ;?ICS?lstr3_microproject+4
0x0358	0x3475 ;?ICS?lstr3_microproject+5
0x0359	0x3474 ;?ICS?lstr3_microproject+6
0x035A	0x346F ;?ICS?lstr3_microproject+7
0x035B	0x346D ;?ICS?lstr3_microproject+8
0x035C	0x3461 ;?ICS?lstr3_microproject+9
0x035D	0x3474 ;?ICS?lstr3_microproject+10
0x035E	0x3469 ;?ICS?lstr3_microproject+11
0x035F	0x346F ;?ICS?lstr3_microproject+12
0x0360	0x346E ;?ICS?lstr3_microproject+13
0x0361	0x3420 ;?ICS?lstr3_microproject+14
0x0362	0x3400 ;?ICS?lstr3_microproject+15
; end of ?ICS?lstr3_microproject
;microproject.c,0 :: ?ICS?lstr5_microproject
0x0363	0x3420 ;?ICS?lstr5_microproject+0
0x0364	0x3420 ;?ICS?lstr5_microproject+1
0x0365	0x3453 ;?ICS?lstr5_microproject+2
0x0366	0x344F ;?ICS?lstr5_microproject+3
0x0367	0x3449 ;?ICS?lstr5_microproject+4
0x0368	0x344C ;?ICS?lstr5_microproject+5
0x0369	0x3420 ;?ICS?lstr5_microproject+6
0x036A	0x344D ;?ICS?lstr5_microproject+7
0x036B	0x344F ;?ICS?lstr5_microproject+8
0x036C	0x3449 ;?ICS?lstr5_microproject+9
0x036D	0x3453 ;?ICS?lstr5_microproject+10
0x036E	0x3454 ;?ICS?lstr5_microproject+11
0x036F	0x3455 ;?ICS?lstr5_microproject+12
0x0370	0x3452 ;?ICS?lstr5_microproject+13
0x0371	0x3445 ;?ICS?lstr5_microproject+14
0x0372	0x3420 ;?ICS?lstr5_microproject+15
0x0373	0x3400 ;?ICS?lstr5_microproject+16
; end of ?ICS?lstr5_microproject
;microproject.c,0 :: ?ICS_source
0x0374	0x3400 ;?ICS_source+0
0x0375	0x3400 ;?ICS_source+1
0x0376	0x3400 ;?ICS_source+2
0x0377	0x3400 ;?ICS_source+3
; end of ?ICS_source
;microproject.c,0 :: ?ICS?lstr6_microproject
0x0378	0x3420 ;?ICS?lstr6_microproject+0
0x0379	0x3461 ;?ICS?lstr6_microproject+1
0x037A	0x3475 ;?ICS?lstr6_microproject+2
0x037B	0x3474 ;?ICS?lstr6_microproject+3
0x037C	0x346F ;?ICS?lstr6_microproject+4
0x037D	0x346D ;?ICS?lstr6_microproject+5
0x037E	0x3461 ;?ICS?lstr6_microproject+6
0x037F	0x3474 ;?ICS?lstr6_microproject+7
0x0380	0x3469 ;?ICS?lstr6_microproject+8
0x0381	0x346F ;?ICS?lstr6_microproject+9
0x0382	0x346E ;?ICS?lstr6_microproject+10
0x0383	0x3400 ;?ICS?lstr6_microproject+11
; end of ?ICS?lstr6_microproject
Symbol List:
//** Routines locations **
//ADDRESS    SIZE    PROCEDURE
//----------------------------------------------
0x0003       [3]    _Delay_1us
0x0006      [13]    _Delay_5500us
0x0013       [7]    _Delay_50us
0x001A      [94]    _Lcd_Cmd
0x0078       [7]    _RES032
0x007F      [12]    _SETFUN32
0x008B       [4]    _FIXSIGN32
0x008F       [9]    _Lcd_Chr_CP
0x0098       [7]    _____DoICP
0x009F       [8]    _Delay_22us
0x00A7      [47]    _NRM3232
0x00D6      [80]    _Compare_Double
0x0126      [65]    _Lcd_Out
0x0167      [36]    _ADC_Read
0x018B      [22]    _word2double
0x01A1      [79]    _Lcd_Init
0x01F0      [19]    _ADC_Init
0x0203      [12]    ___CC2DW
0x020F     [241]    _main
//** Variables locations ** 
//ADDRESS    SIZE    VARIABLE
//----------------------------------------------
0x0000       [1]    INDF
0x0002       [1]    PCL
0x0003       [1]    STATUS
0x0004       [1]    FSR
0x0007       [1]    PORTC
0x0008       [0]    LCD_D5
0x0008       [0]    RD5_bit
0x0008       [0]    LCD_D6
0x0008       [0]    LCD_RS
0x0008       [0]    RD2_bit
0x0008       [0]    RD0_bit
0x0008       [0]    RD3_bit
0x0008       [0]    LCD_D7
0x0008       [0]    RD1_bit
0x0008       [0]    RD4_bit
0x0008       [0]    LCD_EN
0x0008       [0]    LCD_D4
0x000A       [1]    PCLATH
0x001E       [1]    ADRESH
0x001F       [1]    ADCON0
0x0020       [1]    __math_tempbD
0x0021      [11]    ?lstr2_microproject
0x002C      [16]    ?lstr1_microproject
0x003C      [11]    ?lstr9_microproject
0x0047       [9]    ?lstr8_microproject
0x0050      [10]    ?lstr10_microproject
0x005A       [9]    ?lstr7_microproject
0x0063      [11]    ?lstr4_microproject
0x006E       [2]    ___DoICPAddr
0x0070       [1]    R0
0x0071       [1]    R1
0x0072       [1]    R2
0x0073       [1]    R3
0x0074       [1]    R4
0x0075       [1]    R5
0x0076       [1]    R6
0x0077       [1]    R7
0x0078       [1]    R8
0x0079       [1]    R9
0x007A       [1]    R10
0x007B       [1]    R11
0x007C       [1]    R12
0x007D       [1]    R13
0x007E       [1]    R14
0x007F       [1]    R15
0x0087       [1]    TRISC
0x0088       [0]    TRISD5_bit
0x0088       [0]    TRISD2_bit
0x0088       [0]    TRISD3_bit
0x0088       [0]    TRISD4_bit
0x0088       [0]    TRISD1_bit
0x0088       [0]    LCD_D6_Direction
0x0088       [0]    LCD_D7_Direction
0x0088       [0]    LCD_RS_Direction
0x0088       [0]    LCD_D5_Direction
0x0088       [0]    LCD_D4_Direction
0x0088       [0]    LCD_EN_Direction
0x0088       [0]    TRISD0_bit
0x009E       [1]    ADRESL
0x009F       [1]    ADCON1
0x00A0      [16]    ?lstr3_microproject
0x00B0      [17]    ?lstr5_microproject
0x00C1       [4]    _source
0x00C5      [12]    ?lstr6_microproject
0x00D1       [0]    __Lib_Lcd_cmd_status
0x00D2       [3]    _ADC_Get_Sample_Ptr
0x00D5       [1]    FARG_Lcd_Out_row
0x00D5       [1]    FARG_ADC_Read_channel
0x00D6       [1]    FARG_Lcd_Out_column
0x00D7       [1]    FARG_Lcd_Out_text
0x00D8       [1]    Lcd_Out_i_L0
0x00D9       [1]    FARG_Lcd_Chr_CP_out_char
0x00DA       [1]    FARG_Lcd_Cmd_out_char
//** Constants locations ** 
//ADDRESS    SIZE    CONSTANT
//----------------------------------------------
0x0306      [11]    ?ICS?lstr2_microproject
0x0311      [16]    ?ICS?lstr1_microproject
0x0321      [11]    ?ICS?lstr9_microproject
0x032C       [9]    ?ICS?lstr8_microproject
0x0335      [10]    ?ICS?lstr10_microproject
0x033F       [9]    ?ICS?lstr7_microproject
0x0348      [11]    ?ICS?lstr4_microproject
0x0353      [16]    ?ICS?lstr3_microproject
0x0363      [17]    ?ICS?lstr5_microproject
0x0374       [4]    ?ICS_source
0x0378      [12]    ?ICS?lstr6_microproject
